
13:27:24.076 [info] Loading 143 CA(s) from :otp store

13:27:24.218 [notice] Application next_ls exited: NextLS.Application.start(:normal, []) returned an error: shutdown: failed to start child: NextLS.LSPSupervisor
    ** (EXIT) shutdown: failed to start child: NextLS
        ** (EXIT) an exception was raised:
            ** (ErlangError) Erlang error: :enoent
                (elixir 1.17.3) lib/system.ex:1114: System.cmd("elixir", ["--short-version"], [])
                (next_ls 0.23.4) lib/next_ls.ex:45: NextLS.init/2
                (gen_lsp 0.11.0) lib/gen_lsp.ex:220: GenLSP.init/1
                (stdlib 6.2) proc_lib.erl:329: :proc_lib.init_p_do_apply/3

13:29:12.060 [info] Loading 143 CA(s) from :otp store

13:29:12.217 [notice] Application next_ls exited: NextLS.Application.start(:normal, []) returned an error: shutdown: failed to start child: NextLS.LSPSupervisor
    ** (EXIT) shutdown: failed to start child: NextLS
        ** (EXIT) an exception was raised:
            ** (ErlangError) Erlang error: :enoent
                (elixir 1.17.3) lib/system.ex:1114: System.cmd("elixir", ["--short-version"], [])
                (next_ls 0.23.4) lib/next_ls.ex:45: NextLS.init/2
                (gen_lsp 0.11.0) lib/gen_lsp.ex:220: GenLSP.init/1
                (stdlib 6.2) proc_lib.erl:329: :proc_lib.init_p_do_apply/3

13:45:13.887 [info] Loading 146 CA(s) from :otp store

13:45:14.141 id=1 [debug] handled request client -> server initialize in 175ms

13:45:33.150 [debug] handled notification client -> server textDocument/didOpen in 11ms

13:45:33.150 [debug] sent notification server -> client window/logMessage

13:45:33.156 [debug] NextLS v0.23.4 has initialized!

13:45:33.156 [debug] sent notification server -> client window/logMessage

13:45:33.156 [debug] Log file located at /home/pamdevil/.dotfiles/nvim/.config/nvim/.elixir-tools/next-ls.log

13:45:33.159 [debug] sent notification server -> client window/logMessage

13:45:33.159 [info] [extension] Credo initializing with options %NextLS.InitOpts.Extensions.Credo{enable: true, cli_options: []}

13:45:34.084 [debug] sent notification server -> client window/logMessage

13:45:34.084 [warning] Failed to unzip and install the bundled Elixir archive.

** (MatchError) no match of right hand side value: {"** (Mix) The application \"asn1\" could not be found. This may happen if your Operating System broke Erlang into multiple packages and may be fixed by installing the missing \"erlang-dev\" and \"erlang-asn1\" packages\n", 1}
    (next_ls 0.23.4) lib/next_ls/runtime/bundled_elixir.ex:55: NextLS.Runtime.BundledElixir.install/2
    (next_ls 0.23.4) lib/next_ls.ex:882: NextLS.handle_notification/2
    (gen_lsp 0.11.0) lib/gen_lsp.ex:528: anonymous fn/2 in GenLSP.loop/3
    (telemetry 1.3.0) /Users/runner/work/next-ls/next-ls/deps/telemetry/src/telemetry.erl:324: :telemetry.span/3
    (gen_lsp 0.11.0) lib/gen_lsp.ex:524: anonymous fn/4 in GenLSP.loop/3
    (gen_lsp 0.11.0) lib/gen_lsp.ex:601: anonymous fn/4 in GenLSP.attempt/4
    (elixir 1.17.3) lib/task/supervised.ex:101: Task.Supervised.invoke_mfa/2



13:45:34.084 [debug] sent notification server -> client window/logMessage

13:45:34.084 [debug] Booting runtimes...

13:45:34.089 id=130 [debug] sent request server -> client window/workDoneProgress/create

13:45:34.099 [debug] sent notification server -> client $/progress

13:45:34.132 [debug] sent notification server -> client window/logMessage

13:45:34.133 [info] Beginning DB migration...

13:45:34.151 [debug] sent notification server -> client window/logMessage

13:45:34.151 [info] Database is being upgraded from version 0 to 7.

This will trigger a full recompilation in order to re-index your codebase.


13:45:34.152 [debug] sent notification server -> client window/logMessage

13:45:34.152 [info] Finished DB migration...

13:45:34.152 [debug] sent notification server -> client window/logMessage

13:45:34.152 [info] Booting runtime for /home/pamdevil/.dotfiles.

- elixir: /usr/sbin/elixir
- zombie wrapper script: /home/pamdevil/.local/share/.burrito/next_ls_erts-15.2_0.23.4/lib/next_ls-0.23.4/priv/cmd
- working_dir: /home/pamdevil/.dotfiles
- command: /usr/sbin/elixir --no-halt --sname nextls-runtime-1755794734152501762 --cookie HHYKTHK2JHVUZI3HDBMAF64GPJFPN4AV4Y7CQDE27SSFQKZPVAFQ==== -S mix loadpaths --no-compile

Environment: 

LSP=nextls
NEXTLS_PARENT_PID=g1h3K25leHQtbHMtMTc1NTc5NDcxMzkxMDA0NjU0NUBERVNLVE9QLUhCRzdFTVMAAADfAAAAAGinTRo=
MIX_ENV=dev
MIX_TARGET=host
MIX_BUILD_ROOT=.elixir-tools/_build
ROOTDIR=false
BINDIR=false
RELEASE_ROOT=false
RELEASE_SYS_CONFIG=false
PATH=/usr/sbin:/home/pamdevil/.local/share/.burrito/next_ls_erts-15.2_0.23.4/bin:/home/pamdevil/.local/share/nvim/mason/bin:/usr/local/sbin:/usr/local/bin:/usr/sbin:/usr/bin:/sbin:/bin:/usr/games:/usr/local/games:/usr/lib/wsl/lib:/mnt/c/Python313/Scripts/:/mnt/c/Python313/:/mnt/c/Program Files/ImageMagick-7.1.1-Q16-HDRI:/mnt/c/Program Files/Common Files/Oracle/Java/javapath:/mnt/c/Program Files (x86)/Common Files/Oracle/Java/javapath:/mnt/c/Windows/system32:/mnt/c/Windows:/mnt/c/Windows/System32/Wbem:/mnt/c/Windows/System32/WindowsPowerShell/v1.0/:/mnt/c/Windows/System32/OpenSSH/:/mnt/c/Program Files (x86)/ATI Technologies/ATI.ACE/Core-Static:/mnt/c/Program Files/Git/cmd:/mnt/c/Program Files/dotnet/:/mnt/c/Program Files/Pandoc/:/mnt/c/Users/Pamdevil/Documents/youtube-dl:/mnt/c/Program Files/NVIDIA Corporation/NVIDIA App/NvDLISR:/mnt/c/Program Files/nodejs/:/mnt/c/ProgramData/chocolatey/bin:/mnt/c/Users/Pamdevil/AppData/Local/Microsoft/WindowsApps:/mnt/c/Users/Pamdevil/AppData/Local/Microsoft/WinGet/Links:/mnt/c/Users/Pamdevil/AppData/Local/Programs/Microsoft VS Code/bin:/mnt/c/Users/Pamdevil/.dotnet/tools:/mnt/c/Users/Pamdevil/AppData/Roaming/npm:/usr/bin/site_perl:/usr/bin/vendor_perl:/usr/bin/core_perl:/root/.cargo/bin:/home/pamdevil/.cargo/bin:/root/.cargo/bin:/home/pamdevil/.cargo/bin:/root/.cargo/bin:/home/pamdevil/.cargo/bin


13:45:34.153 [debug] handled notification client -> server initialized in 1014ms

13:45:35.173 [debug] sent notification server -> client window/logMessage

13:45:35.173 [info] Connected to node nextls-runtime-1755794734152501762@DESKTOP-HBG7EMS

13:45:35.849 [debug] sent notification server -> client $/progress

13:45:35.851 [debug] sent notification server -> client window/logMessage

13:45:35.851 [debug] Runtime for folder /home/pamdevil/.dotfiles is ready...

13:45:35.855 id=4 [debug] sent request server -> client window/workDoneProgress/create

13:45:35.856 [debug] sent notification server -> client $/progress

13:45:35.870 [debug] sent notification server -> client $/progress

13:45:35.870 [debug] sent notification server -> client window/logMessage

13:45:35.870 [warning] Unexpected compiler response: {:error, %{message: "Could not find a Mix.Project, please ensure you are running Mix in a directory with a mix.exs file", __struct__: Mix.NoProjectError, __exception__: true, mix: true}}

13:45:36.870 [debug] handled notification client -> server textDocument/didChange in 15ms

13:45:37.433 [debug] handled notification client -> server textDocument/didChange in 520µs

13:45:38.792 [debug] handled notification client -> server textDocument/didChange in 581µs

13:45:40.904 [debug] handled notification client -> server textDocument/didChange in 696µs

13:45:41.401 [debug] handled notification client -> server textDocument/didChange in 532µs

13:45:41.550 [debug] handled notification client -> server textDocument/didChange in 526µs

13:45:41.700 [debug] handled notification client -> server textDocument/didChange in 562µs

13:45:42.728 [debug] handled notification client -> server textDocument/didChange in 851µs

13:45:42.877 [debug] handled notification client -> server textDocument/didChange in 505µs

13:46:51.759 id=72 [debug] sent request server -> client window/workDoneProgress/create

13:46:51.760 [debug] handled notification client -> server textDocument/didSave in 9ms

13:46:51.760 [debug] sent notification server -> client $/progress

13:46:51.761 [debug] sent notification server -> client $/progress

13:46:51.761 [debug] sent notification server -> client window/logMessage

13:46:51.762 [warning] Unexpected compiler response: {:error, %{message: "Could not find a Mix.Project, please ensure you are running Mix in a directory with a mix.exs file", __struct__: Mix.NoProjectError, __exception__: true, mix: true}}

13:46:55.791 id=2 [debug] handled request client -> server shutdown in 2ms

13:46:55.814 [debug] sent notification server -> client window/logMessage

13:46:55.815 [info] The runtime for /home/pamdevil/.dotfiles has successfully shut down.

13:46:55.817 [error] Writer crashed (:epipe)

13:47:04.672 [info] Loading 146 CA(s) from :otp store

13:47:04.933 id=1 [debug] handled request client -> server initialize in 180ms

13:47:04.943 [debug] handled notification client -> server textDocument/didOpen in 6ms

13:47:04.944 [debug] sent notification server -> client window/logMessage

13:47:04.948 [debug] NextLS v0.23.4 has initialized!

13:47:04.948 [debug] sent notification server -> client window/logMessage

13:47:04.948 [debug] Log file located at /home/pamdevil/.dotfiles/nvim/.config/nvim/.elixir-tools/next-ls.log

13:47:04.951 [debug] sent notification server -> client window/logMessage

13:47:04.951 [info] [extension] Credo initializing with options %NextLS.InitOpts.Extensions.Credo{enable: true, cli_options: []}

13:47:05.824 [debug] sent notification server -> client window/logMessage

13:47:05.824 [warning] Failed to unzip and install the bundled Elixir archive.

** (MatchError) no match of right hand side value: {"** (Mix) The application \"asn1\" could not be found. This may happen if your Operating System broke Erlang into multiple packages and may be fixed by installing the missing \"erlang-dev\" and \"erlang-asn1\" packages\n", 1}
    (next_ls 0.23.4) lib/next_ls/runtime/bundled_elixir.ex:55: NextLS.Runtime.BundledElixir.install/2
    (next_ls 0.23.4) lib/next_ls.ex:882: NextLS.handle_notification/2
    (gen_lsp 0.11.0) lib/gen_lsp.ex:528: anonymous fn/2 in GenLSP.loop/3
    (telemetry 1.3.0) /Users/runner/work/next-ls/next-ls/deps/telemetry/src/telemetry.erl:324: :telemetry.span/3
    (gen_lsp 0.11.0) lib/gen_lsp.ex:524: anonymous fn/4 in GenLSP.loop/3
    (gen_lsp 0.11.0) lib/gen_lsp.ex:601: anonymous fn/4 in GenLSP.attempt/4
    (elixir 1.17.3) lib/task/supervised.ex:101: Task.Supervised.invoke_mfa/2



13:47:05.824 [debug] sent notification server -> client window/logMessage

13:47:05.824 [debug] Booting runtimes...

13:47:05.829 id=130 [debug] sent request server -> client window/workDoneProgress/create

13:47:05.838 [debug] sent notification server -> client $/progress

13:47:05.859 [debug] sent notification server -> client window/logMessage

13:47:05.859 [info] Beginning DB migration...

13:47:05.869 [debug] sent notification server -> client window/logMessage

13:47:05.869 [info] Database is on the latest version: 7

13:47:05.869 [debug] sent notification server -> client window/logMessage

13:47:05.869 [info] Finished DB migration...

13:47:05.869 [debug] sent notification server -> client window/logMessage

13:47:05.869 [info] Booting runtime for /home/pamdevil/.dotfiles.

- elixir: /usr/sbin/elixir
- zombie wrapper script: /home/pamdevil/.local/share/.burrito/next_ls_erts-15.2_0.23.4/lib/next_ls-0.23.4/priv/cmd
- working_dir: /home/pamdevil/.dotfiles
- command: /usr/sbin/elixir --no-halt --sname nextls-runtime-1755794825869304382 --cookie HHYKTHK2JHVUZI3HDBMAF64GPJFPN4AV4Y7CQDE27SSFQKZPVAFQ==== -S mix loadpaths --no-compile

Environment: 

LSP=nextls
NEXTLS_PARENT_PID=g1h3K25leHQtbHMtMTc1NTc5NDgyNDY5NTc0MzkyNkBERVNLVE9QLUhCRzdFTVMAAADfAAAAAGinTYk=
MIX_ENV=dev
MIX_TARGET=host
MIX_BUILD_ROOT=.elixir-tools/_build
ROOTDIR=false
BINDIR=false
RELEASE_ROOT=false
RELEASE_SYS_CONFIG=false
PATH=/usr/sbin:/home/pamdevil/.local/share/.burrito/next_ls_erts-15.2_0.23.4/bin:/home/pamdevil/.local/share/nvim/mason/bin:/usr/local/sbin:/usr/local/bin:/usr/sbin:/usr/bin:/sbin:/bin:/usr/games:/usr/local/games:/usr/lib/wsl/lib:/mnt/c/Python313/Scripts/:/mnt/c/Python313/:/mnt/c/Program Files/ImageMagick-7.1.1-Q16-HDRI:/mnt/c/Program Files/Common Files/Oracle/Java/javapath:/mnt/c/Program Files (x86)/Common Files/Oracle/Java/javapath:/mnt/c/Windows/system32:/mnt/c/Windows:/mnt/c/Windows/System32/Wbem:/mnt/c/Windows/System32/WindowsPowerShell/v1.0/:/mnt/c/Windows/System32/OpenSSH/:/mnt/c/Program Files (x86)/ATI Technologies/ATI.ACE/Core-Static:/mnt/c/Program Files/Git/cmd:/mnt/c/Program Files/dotnet/:/mnt/c/Program Files/Pandoc/:/mnt/c/Users/Pamdevil/Documents/youtube-dl:/mnt/c/Program Files/NVIDIA Corporation/NVIDIA App/NvDLISR:/mnt/c/Program Files/nodejs/:/mnt/c/ProgramData/chocolatey/bin:/mnt/c/Users/Pamdevil/AppData/Local/Microsoft/WindowsApps:/mnt/c/Users/Pamdevil/AppData/Local/Microsoft/WinGet/Links:/mnt/c/Users/Pamdevil/AppData/Local/Programs/Microsoft VS Code/bin:/mnt/c/Users/Pamdevil/.dotnet/tools:/mnt/c/Users/Pamdevil/AppData/Roaming/npm:/usr/bin/site_perl:/usr/bin/vendor_perl:/usr/bin/core_perl:/root/.cargo/bin:/home/pamdevil/.cargo/bin:/root/.cargo/bin:/home/pamdevil/.cargo/bin:/root/.cargo/bin:/home/pamdevil/.cargo/bin


13:47:05.870 [debug] handled notification client -> server initialized in 933ms

13:47:06.888 [debug] sent notification server -> client window/logMessage

13:47:06.888 [info] Connected to node nextls-runtime-1755794825869304382@DESKTOP-HBG7EMS

13:47:07.564 [debug] sent notification server -> client $/progress

13:47:07.566 [debug] sent notification server -> client window/logMessage

13:47:07.566 [debug] Runtime for folder /home/pamdevil/.dotfiles is ready...

13:47:07.569 id=73 [debug] sent request server -> client window/workDoneProgress/create

13:47:07.570 [debug] sent notification server -> client $/progress

13:47:07.583 [debug] sent notification server -> client $/progress

13:47:07.583 [debug] sent notification server -> client window/logMessage

13:47:07.583 [warning] Unexpected compiler response: {:error, %{message: "Could not find a Mix.Project, please ensure you are running Mix in a directory with a mix.exs file", __struct__: Mix.NoProjectError, __exception__: true, mix: true}}
